<?xml version="1.0" encoding="UTF-8"?>
<!-- Generated by org.testng.reporters.JUnitReportReporter -->
<testsuite skipped="0" hostname="LAPTOP-U97JC2RM" name="com.parallel.BrokenClassAll" tests="1" failures="0" timestamp="2019-10-24T15:57:52 IST" time="15.393" errors="0">
  <testcase name="brokenLink" time="15.393" classname="com.parallel.BrokenClassAll"/>
</testsuite> <!-- com.parallel.BrokenClassAll -->
