<?xml version="1.0" encoding="UTF-8"?>
<!-- Generated by org.testng.reporters.JUnitReportReporter -->
<testsuite skipped="1" hostname="LAPTOP-U97JC2RM" name="com.testng.AlternateConvocation" tests="2" failures="0" timestamp="2019-10-23T12:56:28 IST" time="0.008" errors="0">
  <testcase name="demo2" time="0.008" classname="com.testng.AlternateConvocation"/>
  <testcase name="demo1" classname="com.testng.AlternateConvocation">
    <skipped/>
  </testcase> <!-- demo1 -->
</testsuite> <!-- com.testng.AlternateConvocation -->
