<?xml version="1.0" encoding="UTF-8"?>
<!-- Generated by org.testng.reporters.JUnitReportReporter -->
<testsuite skipped="0" hostname="LAPTOP-U97JC2RM" name="com.tyss.UrbanLadder" tests="1" failures="0" timestamp="2019-11-01T16:22:22 IST" time="39.395" errors="0">
  <testcase name="test" time="39.395" classname="com.tyss.UrbanLadder"/>
</testsuite> <!-- com.tyss.UrbanLadder -->
