<?xml version="1.0" encoding="UTF-8"?>
<!-- Generated by org.testng.reporters.JUnitReportReporter -->
<testsuite skipped="0" hostname="LAPTOP-U97JC2RM" name="com.testng.AssertCompare" tests="1" failures="0" timestamp="2019-10-23T20:16:33 IST" time="0.009" errors="0">
  <testcase name="test" time="0.009" classname="com.testng.AssertCompare"/>
</testsuite> <!-- com.testng.AssertCompare -->
