<?xml version="1.0" encoding="UTF-8"?>
<!-- Generated by org.testng.reporters.JUnitReportReporter -->
<testsuite skipped="0" hostname="LAPTOP-U97JC2RM" name="com.testng.GmailListeners" tests="1" failures="0" timestamp="2019-10-23T15:22:32 IST" time="32.049" errors="0">
  <testcase name="gmailLogin" time="32.049" classname="com.testng.GmailListeners"/>
</testsuite> <!-- com.testng.GmailListeners -->
