<?xml version="1.0" encoding="UTF-8"?>
<!-- Generated by org.testng.reporters.JUnitReportReporter -->
<testsuite skipped="1" hostname="LAPTOP-U97JC2RM" name="com.testng.ReadDataTest" tests="1" failures="0" timestamp="2019-10-23T22:36:55 IST" time="0.000" errors="0">
  <testcase name="test" time="0.000" classname="com.testng.ReadDataTest">
    <skipped/>
  </testcase> <!-- test -->
</testsuite> <!-- com.testng.ReadDataTest -->
