<?xml version="1.0" encoding="UTF-8"?>
<!-- Generated by org.testng.reporters.JUnitReportReporter -->
<testsuite skipped="0" hostname="LAPTOP-U97JC2RM" name="com.parallel.P01" tests="2" failures="0" timestamp="2019-10-24T11:29:38 IST" time="30.454" errors="0">
  <testcase name="testParameterWithXML" time="16.502" classname="com.parallel.P01"/>
  <testcase name="testParameterWithXML" time="13.952" classname="com.parallel.P01"/>
</testsuite> <!-- com.parallel.P01 -->
