<?xml version="1.0" encoding="UTF-8"?>
<!-- Generated by org.testng.reporters.JUnitReportReporter -->
<testsuite skipped="0" hostname="LAPTOP-U97JC2RM" name="com.testng.GmailListeners$DdemoListtimplClass" tests="1" failures="0" timestamp="2019-10-23T15:33:27 IST" time="34.222" errors="0">
  <testcase name="gmailLogin" time="34.222" classname="com.testng.GmailListeners$DdemoListtimplClass"/>
</testsuite> <!-- com.testng.GmailListeners$DdemoListtimplClass -->
