<?xml version="1.0" encoding="UTF-8"?>
<!-- Generated by org.testng.reporters.JUnitReportReporter -->
<testsuite skipped="0" hostname="LAPTOP-U97JC2RM" name="com.assignment.ReadXmlData" tests="1" failures="0" timestamp="2019-10-25T11:21:11 IST" time="0.425" errors="0">
  <testcase name="Create" time="0.425" classname="com.assignment.ReadXmlData"/>
</testsuite> <!-- com.assignment.ReadXmlData -->
