<?xml version="1.0" encoding="UTF-8"?>
<!-- Generated by org.testng.reporters.JUnitReportReporter -->
<testsuite skipped="0" hostname="LAPTOP-U97JC2RM" name="com.testng.Gmail" tests="1" failures="0" timestamp="2019-10-24T13:02:24 IST" time="51.624" errors="0">
  <testcase name="gmail" time="51.624" classname="com.testng.Gmail"/>
</testsuite> <!-- com.testng.Gmail -->
