<?xml version="1.0" encoding="UTF-8"?>
<!-- Generated by org.testng.reporters.JUnitReportReporter -->
<testsuite skipped="0" hostname="LAPTOP-U97JC2RM" name="com.assignment.sampl" tests="1" failures="0" timestamp="2019-10-23T20:19:17 IST" time="36.165" errors="0">
  <testcase name="test" time="36.165" classname="com.assignment.sampl"/>
</testsuite> <!-- com.assignment.sampl -->
