<?xml version="1.0" encoding="UTF-8"?>
<!-- Generated by org.testng.reporters.JUnitReportReporter -->
<testsuite skipped="0" hostname="LAPTOP-U97JC2RM" name="com.testng.E04" tests="3" failures="0" timestamp="2019-10-23T13:00:18 IST" time="0.011" errors="0">
  <testcase name="demo2" time="0.001" classname="com.testng.E04"/>
  <testcase name="demo1" time="0.009" classname="com.testng.E04"/>
  <testcase name="demo3" time="0.001" classname="com.testng.E04"/>
</testsuite> <!-- com.testng.E04 -->
