<?xml version="1.0" encoding="UTF-8"?>
<!-- Generated by org.testng.reporters.JUnitReportReporter -->
<testsuite skipped="0" hostname="LAPTOP-U97JC2RM" name="com.tyss.Config" tests="1" failures="0" timestamp="2019-10-25T15:01:52 IST" time="0.008" errors="0">
  <testcase name="demo" time="0.008" classname="com.tyss.Config"/>
</testsuite> <!-- com.tyss.Config -->
