<?xml version="1.0" encoding="UTF-8"?>
<!-- Generated by org.testng.reporters.JUnitReportReporter -->
<testsuite skipped="0" hostname="LAPTOP-U97JC2RM" name="com.practice.YoutubeSearch" tests="1" failures="0" timestamp="2019-10-28T12:07:44 IST" time="17.051" errors="0">
  <testcase name="youtubeSearch" time="17.051" classname="com.practice.YoutubeSearch"/>
</testsuite> <!-- com.practice.YoutubeSearch -->
