<?xml version="1.0" encoding="UTF-8"?>
<!-- Generated by org.testng.reporters.JUnitReportReporter -->
<testsuite skipped="0" hostname="LAPTOP-U97JC2RM" name="com.testng.E05" tests="3" failures="0" timestamp="2019-10-23T12:59:21 IST" time="0.010" errors="0">
  <testcase name="demo3" time="0.001" classname="com.testng.E05"/>
  <testcase name="demo1" time="0.008" classname="com.testng.E05"/>
  <testcase name="demo2" time="0.001" classname="com.testng.E05"/>
</testsuite> <!-- com.testng.E05 -->
