<?xml version="1.0" encoding="UTF-8"?>
<!-- Generated by org.testng.reporters.JUnitReportReporter -->
<testsuite skipped="0" hostname="LAPTOP-U97JC2RM" name="com.testng.ListnerCompare" tests="1" failures="0" timestamp="2019-10-23T15:56:23 IST" time="0.011" errors="0">
  <testcase name="test" time="0.011" classname="com.testng.ListnerCompare"/>
</testsuite> <!-- com.testng.ListnerCompare -->
