<?xml version="1.0" encoding="UTF-8"?>
<!-- Generated by org.testng.reporters.JUnitReportReporter -->
<testsuite skipped="0" hostname="LAPTOP-U97JC2RM" name="com.testng.Priority" tests="2" failures="0" timestamp="2019-10-23T12:20:19 IST" time="44.408" errors="0">
  <testcase name="demoM1" time="19.703" classname="com.testng.Priority"/>
  <testcase name="demoM" time="24.705" classname="com.testng.Priority"/>
</testsuite> <!-- com.testng.Priority -->
