<?xml version="1.0" encoding="UTF-8"?>
<!-- Generated by org.testng.reporters.JUnitReportReporter -->
<testsuite skipped="0" hostname="LAPTOP-U97JC2RM" name="com.tyss.Robot" tests="1" failures="0" timestamp="2019-11-15T16:05:55 IST" time="36.456" errors="0">
  <testcase name="testRobot" time="36.456" classname="com.tyss.Robot"/>
</testsuite> <!-- com.tyss.Robot -->
