<?xml version="1.0" encoding="UTF-8"?>
<!-- Generated by org.testng.reporters.JUnitReportReporter -->
<testsuite skipped="0" hostname="LAPTOP-U97JC2RM" name="com.testng.ListnersEx01$DdemoListtimplClass" tests="2" failures="0" timestamp="2019-10-23T15:01:00 IST" time="0.010" errors="0">
  <testcase name="demo1" time="0.001" classname="com.testng.ListnersEx01$DdemoListtimplClass"/>
  <testcase name="demo" time="0.009" classname="com.testng.ListnersEx01$DdemoListtimplClass"/>
</testsuite> <!-- com.testng.ListnersEx01$DdemoListtimplClass -->
