<?xml version="1.0" encoding="UTF-8"?>
<!-- Generated by org.testng.reporters.JUnitReportReporter -->
<testsuite skipped="0" hostname="LAPTOP-U97JC2RM" name="com.parallel.HTMLRun" tests="1" failures="0" timestamp="2019-10-24T14:58:57 IST" time="10.167" errors="0">
  <testcase name="gmail" time="10.167" classname="com.parallel.HTMLRun"/>
</testsuite> <!-- com.parallel.HTMLRun -->
