<?xml version="1.0" encoding="UTF-8"?>
<!-- Generated by org.testng.reporters.JUnitReportReporter -->
<testsuite skipped="0" hostname="LAPTOP-U97JC2RM" name="com.testng.RunTill" tests="5" failures="0" timestamp="2019-10-23T12:25:51 IST" time="0.013" errors="0">
  <testcase name="demoM" time="0.001" classname="com.testng.RunTill"/>
  <testcase name="demoM" time="0.001" classname="com.testng.RunTill"/>
  <testcase name="demoM" time="0.001" classname="com.testng.RunTill"/>
  <testcase name="demoM" time="0.009" classname="com.testng.RunTill"/>
  <testcase name="demoM" time="0.001" classname="com.testng.RunTill"/>
</testsuite> <!-- com.testng.RunTill -->
