<?xml version="1.0" encoding="UTF-8"?>
<!-- Generated by org.testng.reporters.JUnitReportReporter -->
<testsuite skipped="0" hostname="LAPTOP-U97JC2RM" name="com.testng.ToPrint" tests="2" failures="0" timestamp="2019-10-23T12:34:54 IST" time="0.009" errors="0">
  <testcase name="demo2" time="0.001" classname="com.testng.ToPrint"/>
  <testcase name="demo1" time="0.008" classname="com.testng.ToPrint"/>
</testsuite> <!-- com.testng.ToPrint -->
