<?xml version="1.0" encoding="UTF-8"?>
<!-- Generated by org.testng.reporters.JUnitReportReporter -->
<testsuite skipped="0" hostname="LAPTOP-U97JC2RM" name="com.testng.E01" tests="2" failures="0" timestamp="2019-10-23T11:24:44 IST" time="97.914" errors="0">
  <testcase name="demoM" time="47.644" classname="com.testng.E01"/>
  <testcase name="demoM1" time="50.270" classname="com.testng.E01"/>
</testsuite> <!-- com.testng.E01 -->
