<?xml version="1.0" encoding="UTF-8"?>
<!-- Generated by org.testng.reporters.JUnitReportReporter -->
<testsuite skipped="0" hostname="LAPTOP-U97JC2RM" name="com.practice.GmailCreateAccount" tests="1" failures="0" timestamp="2019-10-28T15:08:27 IST" time="38.087" errors="0">
  <testcase name="createAccount" time="38.087" classname="com.practice.GmailCreateAccount"/>
</testsuite> <!-- com.practice.GmailCreateAccount -->
