<?xml version="1.0" encoding="UTF-8"?>
<!-- Generated by org.testng.reporters.JUnitReportReporter -->
<testsuite skipped="0" hostname="LAPTOP-U97JC2RM" name="com.tyss.GoogleMap" tests="1" failures="0" timestamp="2019-10-31T17:29:14 IST" time="24.881" errors="0">
  <testcase name="appleWatch" time="24.881" classname="com.tyss.GoogleMap"/>
</testsuite> <!-- com.tyss.GoogleMap -->
