<?xml version="1.0" encoding="UTF-8"?>
<!-- Generated by org.testng.reporters.JUnitReportReporter -->
<testsuite skipped="0" hostname="LAPTOP-U97JC2RM" name="com.testng.DataProviderDemo" tests="3" failures="0" timestamp="2019-11-16T22:04:20 IST" time="0.010" errors="0">
  <testcase name="createUser" time="0.008" classname="com.testng.DataProviderDemo"/>
  <testcase name="createUser" time="0.001" classname="com.testng.DataProviderDemo"/>
  <testcase name="createUser" time="0.001" classname="com.testng.DataProviderDemo"/>
</testsuite> <!-- com.testng.DataProviderDemo -->
