<?xml version="1.0" encoding="UTF-8"?>
<!-- Generated by org.testng.reporters.JUnitReportReporter -->
<testsuite skipped="0" hostname="LAPTOP-U97JC2RM" name="com.tyss.Ebay" tests="1" failures="0" timestamp="2019-10-31T14:25:37 IST" time="25.485" errors="0">
  <testcase name="appleWatch" time="25.485" classname="com.tyss.Ebay"/>
</testsuite> <!-- com.tyss.Ebay -->
