<?xml version="1.0" encoding="UTF-8"?>
<!-- Generated by org.testng.reporters.JUnitReportReporter -->
<testsuite skipped="0" hostname="LAPTOP-U97JC2RM" name="com.practice.FacebookCreateAccount" tests="1" failures="0" timestamp="2019-10-28T15:46:14 IST" time="22.046" errors="0">
  <testcase name="createAccount" time="22.046" classname="com.practice.FacebookCreateAccount"/>
</testsuite> <!-- com.practice.FacebookCreateAccount -->
