<?xml version="1.0" encoding="UTF-8"?>
<!-- Generated by org.testng.reporters.JUnitReportReporter -->
<testsuite skipped="0" hostname="LAPTOP-U97JC2RM" name="com.testng.E03" tests="2" failures="0" timestamp="2019-10-23T12:06:03 IST" time="52.212" errors="0">
  <testcase name="demoM1" time="22.306" classname="com.testng.E03"/>
  <testcase name="demoM" time="29.906" classname="com.testng.E03"/>
</testsuite> <!-- com.testng.E03 -->
